action: GLOB, msg: packaging
cwd: /home/nick_k/Documents/UWB/Loco_Firmware_Repo/lps-tools
cmd: /usr/bin/python3 setup.py sdist --formats=zip --dist-dir .tox/dist
running sdist
running egg_info
writing lpstools.egg-info/PKG-INFO
writing dependency_links to lpstools.egg-info/dependency_links.txt
writing requirements to lpstools.egg-info/requires.txt
writing top-level names to lpstools.egg-info/top_level.txt
reading manifest file 'lpstools.egg-info/SOURCES.txt'
adding license file 'LICENSE.txt'
writing manifest file 'lpstools.egg-info/SOURCES.txt'
warning: sdist: standard file not found: should have one of README, README.rst, README.txt, README.md

running check
creating lpstools-0.1
creating lpstools-0.1/dfuse
creating lpstools-0.1/lpstools
creating lpstools-0.1/lpstools.egg-info
copying files to lpstools-0.1...
copying LICENSE.txt -> lpstools-0.1
copying setup.py -> lpstools-0.1
copying dfuse/DfuDevice.py -> lpstools-0.1/dfuse
copying dfuse/DfuFile.py -> lpstools-0.1/dfuse
copying dfuse/DfuState.py -> lpstools-0.1/dfuse
copying dfuse/DfuStatus.py -> lpstools-0.1/dfuse
copying dfuse/__init__.py -> lpstools-0.1/dfuse
copying lpstools/__init__.py -> lpstools-0.1/lpstools
copying lpstools/__main__.py -> lpstools-0.1/lpstools
copying lpstools/dfu.py -> lpstools-0.1/lpstools
copying lpstools/gui.py -> lpstools-0.1/lpstools
copying lpstools/nodeConfigurator.py -> lpstools-0.1/lpstools
copying lpstools.egg-info/PKG-INFO -> lpstools-0.1/lpstools.egg-info
copying lpstools.egg-info/SOURCES.txt -> lpstools-0.1/lpstools.egg-info
copying lpstools.egg-info/dependency_links.txt -> lpstools-0.1/lpstools.egg-info
copying lpstools.egg-info/not-zip-safe -> lpstools-0.1/lpstools.egg-info
copying lpstools.egg-info/requires.txt -> lpstools-0.1/lpstools.egg-info
copying lpstools.egg-info/top_level.txt -> lpstools-0.1/lpstools.egg-info
Writing lpstools-0.1/setup.cfg
creating '.tox/dist/lpstools-0.1.zip' and adding 'lpstools-0.1' to it
adding 'lpstools-0.1'
adding 'lpstools-0.1/lpstools.egg-info'
adding 'lpstools-0.1/lpstools'
adding 'lpstools-0.1/dfuse'
adding 'lpstools-0.1/LICENSE.txt'
adding 'lpstools-0.1/setup.py'
adding 'lpstools-0.1/setup.cfg'
adding 'lpstools-0.1/PKG-INFO'
adding 'lpstools-0.1/lpstools.egg-info/SOURCES.txt'
adding 'lpstools-0.1/lpstools.egg-info/not-zip-safe'
adding 'lpstools-0.1/lpstools.egg-info/top_level.txt'
adding 'lpstools-0.1/lpstools.egg-info/requires.txt'
adding 'lpstools-0.1/lpstools.egg-info/PKG-INFO'
adding 'lpstools-0.1/lpstools.egg-info/dependency_links.txt'
adding 'lpstools-0.1/lpstools/gui.py'
adding 'lpstools-0.1/lpstools/nodeConfigurator.py'
adding 'lpstools-0.1/lpstools/dfu.py'
adding 'lpstools-0.1/lpstools/__main__.py'
adding 'lpstools-0.1/lpstools/__init__.py'
adding 'lpstools-0.1/dfuse/DfuFile.py'
adding 'lpstools-0.1/dfuse/DfuState.py'
adding 'lpstools-0.1/dfuse/DfuStatus.py'
adding 'lpstools-0.1/dfuse/DfuDevice.py'
adding 'lpstools-0.1/dfuse/__init__.py'
removing 'lpstools-0.1' (and everything under it)
